[2013-03-31 09:37:01.461] [INFO] /node_modules/pomelo/lib/application.js - application inited: "master-server-1"
[2013-03-31 09:37:01.653] [INFO] console - info: 'socket.io started'
[2013-03-31 09:37:01.655] [INFO] /node_modules/pomelo/lib/master/starter.js - Executing cd /Users/admin/Projects/CrazyParty/crazyPartyPomelo/game-server && node  /Users/admin/Projects/CrazyParty/crazyPartyPomelo/game-server/app.js env=development  id=connector-server-1  host=127.0.0.1  port=3150  wsPort=3456  serverType=connector  locally
[2013-03-31 09:37:01.661] [INFO] /node_modules/pomelo/node_modules/pomelo-admin/lib/consoleService.js - try to connect master: "master", "127.0.0.1", 3005
[2013-03-31 09:37:01.735] [INFO] /node_modules/pomelo/lib/application.js - "master-server-1" enter after start...
[2013-03-31 09:37:01.735] [INFO] /node_modules/pomelo/lib/application.js - "master-server-1" finish start
[2013-03-31 09:37:01.762] [INFO] console - [33m[2013-03-31 09:37:01.759] [WARN] /node_modules/pomelo/lib/util/appUtil.js - [39mwsPort is deprecated, use clientPort and frontend instead.

[2013-03-31 09:37:01.775] [INFO] console - [32m[2013-03-31 09:37:01.774] [INFO] /node_modules/pomelo/lib/application.js - [39mapplication inited: "connector-server-1"

[2013-03-31 09:37:01.970] [INFO] console - 

[2013-03-31 09:37:01.971] [INFO] console - Error: Could not load the bindings file. Tried:
 → /Users/admin/Projects/CrazyParty/crazyPartyPomelo/game-server/node_modules/pomelo/node_modules/toobusy/build/toobusy.node
 → /Users/admin/Projects/CrazyParty/crazyPartyPomelo/game-server/node_modules/pomelo/node_modules/toobusy/build/Debug/toobusy.node
 → /Users/admin/Projects/CrazyParty/crazyPartyPomelo/game-server/node_modules/pomelo/node_modules/toobusy/build/Release/toobusy.node
 → /Users/admin/Projects/CrazyParty/crazyPartyPomelo/game-server/node_modules/pomelo/node_modules/toobusy/out/Debug/toobusy.node
 → /Users/admin/Projects/CrazyParty/crazyPartyPomelo/game-server/node_modules/pomelo/node_modules/toobusy/Debug/toobusy.node
 → /Users/admin/Projects/CrazyParty/crazyPartyPomelo/game-server/node_modules/pomelo/node_modules/toobusy/out/Release/toobusy.node
 → /Users/admin/Projects/CrazyParty/crazyPartyPomelo/game-server/node_modules/pomelo/node_modules/toobusy/Release/toobusy.node
 → /Users/admin/Projects/CrazyParty/crazyPartyPomelo/game-server/node_modules/pomelo/node_modules/toobusy/build/default/toobusy.node
 → /Users/admin/Projects/CrazyParty/crazyPartyPomelo/game-server/node_modules/pomelo/node_modules/toobusy/compiled/0.10.0/darwin/x64/toobusy.node
    at bindings (/Users/admin/Projects/CrazyParty/crazyPartyPomelo/game-server/node_modules/pomelo/node_modules/toobusy/node_modules/bindings/bindings.js:84:13)
    at Object.<anonymous> (/Users/admin/Projects/CrazyParty/crazyPartyPomelo/game-server/node_modules/pomelo/node_modules/toobusy/index.js:1:97)
    at Module._compile (module.js:456:26)
    at Object.Module._extensions..js (module.js:474:10)
    at Module.load (module.js:356:32)
    at Function.Module._load (module.js:312:12)
    at Module.require (module.js:364:17)
    at require (module.js:380:17)
    at Object.<anonymous> (/Users/admin/Projects/CrazyParty/crazyPartyPomelo/game-server/node_modules/pomelo/node_modules/pomelo-rpc/lib/rpc-server/acceptors/tcp-acceptor.js:6:15)
    at Module._compile (module.js:456:26)

[2013-03-31 09:37:01.975] [ERROR] console - FAILED TO RUN, return code: 8
[2013-03-31 09:37:01.978] [ERROR] console -  Caught exception: TypeError: undefined is not a function
    at /Users/admin/Projects/CrazyParty/crazyPartyPomelo/game-server/node_modules/pomelo/lib/master/starter.js:136:7
    at ChildProcess.<anonymous> (/Users/admin/Projects/CrazyParty/crazyPartyPomelo/game-server/node_modules/pomelo/lib/master/starter.js:191:7)
    at ChildProcess.EventEmitter.emit (events.js:98:17)
    at Process.ChildProcess._handle.onexit (child_process.js:754:12)
[2013-03-31 23:30:21.828] [INFO] /node_modules/pomelo/lib/application.js - application inited: "master-server-1"
[2013-03-31 23:30:22.050] [INFO] console - info: 'socket.io started'
[2013-03-31 23:30:22.053] [INFO] /node_modules/pomelo/lib/master/starter.js - Executing cd /Users/admin/Projects/CrazyParty/crazyPartyPomelo/game-server && node  /Users/admin/Projects/CrazyParty/crazyPartyPomelo/game-server/app.js env=development  id=connector-server-1  host=127.0.0.1  port=3150  wsPort=3456  serverType=connector  locally
[2013-03-31 23:30:22.062] [INFO] /node_modules/pomelo/node_modules/pomelo-admin/lib/consoleService.js - try to connect master: "master", "127.0.0.1", 3005
[2013-03-31 23:30:22.150] [INFO] /node_modules/pomelo/lib/application.js - "master-server-1" enter after start...
[2013-03-31 23:30:22.150] [INFO] /node_modules/pomelo/lib/application.js - "master-server-1" finish start
[2013-03-31 23:30:22.195] [INFO] console - [33m[2013-03-31 23:30:22.191] [WARN] /node_modules/pomelo/lib/util/appUtil.js - [39mwsPort is deprecated, use clientPort and frontend instead.

[2013-03-31 23:30:22.207] [INFO] console - [32m[2013-03-31 23:30:22.206] [INFO] /node_modules/pomelo/lib/application.js - [39mapplication inited: "connector-server-1"

[2013-03-31 23:30:22.426] [INFO] console - 

[2013-03-31 23:30:22.428] [INFO] console - Error: Could not load the bindings file. Tried:
 → /Users/admin/Projects/CrazyParty/crazyPartyPomelo/game-server/node_modules/pomelo/node_modules/toobusy/build/toobusy.node
 → /Users/admin/Projects/CrazyParty/crazyPartyPomelo/game-server/node_modules/pomelo/node_modules/toobusy/build/Debug/toobusy.node
 → /Users/admin/Projects/CrazyParty/crazyPartyPomelo/game-server/node_modules/pomelo/node_modules/toobusy/build/Release/toobusy.node
 → /Users/admin/Projects/CrazyParty/crazyPartyPomelo/game-server/node_modules/pomelo/node_modules/toobusy/out/Debug/toobusy.node
 → /Users/admin/Projects/CrazyParty/crazyPartyPomelo/game-server/node_modules/pomelo/node_modules/toobusy/Debug/toobusy.node
 → /Users/admin/Projects/CrazyParty/crazyPartyPomelo/game-server/node_modules/pomelo/node_modules/toobusy/out/Release/toobusy.node
 → /Users/admin/Projects/CrazyParty/crazyPartyPomelo/game-server/node_modules/pomelo/node_modules/toobusy/Release/toobusy.node
 → /Users/admin/Projects/CrazyParty/crazyPartyPomelo/game-server/node_modules/pomelo/node_modules/toobusy/build/default/toobusy.node
 → /Users/admin/Projects/CrazyParty/crazyPartyPomelo/game-server/node_modules/pomelo/node_modules/toobusy/compiled/0.10.0/darwin/x64/toobusy.node
    at bindings (/Users/admin/Projects/CrazyParty/crazyPartyPomelo/game-server/node_modules/pomelo/node_modules/toobusy/node_modules/bindings/bindings.js:84:13)
    at Object.<anonymous> (/Users/admin/Projects/CrazyParty/crazyPartyPomelo/game-server/node_modules/pomelo/node_modules/toobusy/index.js:1:97)
    at Module._compile (module.js:456:26)
    at Object.Module._extensions..js (module.js:474:10)
    at Module.load (module.js:356:32)
    at Function.Module._load (module.js:312:12)
    at Module.require (module.js:364:17)
    at require (module.js:380:17)
    at Object.<anonymous> (/Users/admin/Projects/CrazyParty/crazyPartyPomelo/game-server/node_modules/pomelo/node_modules/pomelo-rpc/lib/rpc-server/acceptors/tcp-acceptor.js:6:15)
    at Module._compile (module.js:456:26)

[2013-03-31 23:30:22.432] [ERROR] console - FAILED TO RUN, return code: 8
[2013-03-31 23:30:22.435] [ERROR] console -  Caught exception: TypeError: undefined is not a function
    at /Users/admin/Projects/CrazyParty/crazyPartyPomelo/game-server/node_modules/pomelo/lib/master/starter.js:136:7
    at ChildProcess.<anonymous> (/Users/admin/Projects/CrazyParty/crazyPartyPomelo/game-server/node_modules/pomelo/lib/master/starter.js:191:7)
    at ChildProcess.EventEmitter.emit (events.js:98:17)
    at Process.ChildProcess._handle.onexit (child_process.js:754:12)
[2013-03-31 23:30:58.458] [INFO] /node_modules/pomelo/lib/application.js - application inited: "master-server-1"
[2013-03-31 23:30:58.680] [INFO] console - info: 'socket.io started'
[2013-03-31 23:30:58.682] [INFO] /node_modules/pomelo/lib/master/starter.js - Executing cd /Users/admin/Projects/CrazyParty/crazyPartyPomelo/game-server && node  /Users/admin/Projects/CrazyParty/crazyPartyPomelo/game-server/app.js env=development  id=connector-server-1  host=127.0.0.1  port=3150  wsPort=3456  serverType=connector  locally
[2013-03-31 23:30:58.690] [INFO] /node_modules/pomelo/node_modules/pomelo-admin/lib/consoleService.js - try to connect master: "master", "127.0.0.1", 3005
[2013-03-31 23:30:58.767] [INFO] /node_modules/pomelo/lib/application.js - "master-server-1" enter after start...
[2013-03-31 23:30:58.768] [INFO] /node_modules/pomelo/lib/application.js - "master-server-1" finish start
[2013-03-31 23:30:58.806] [INFO] console - [33m[2013-03-31 23:30:58.801] [WARN] /node_modules/pomelo/lib/util/appUtil.js - [39mwsPort is deprecated, use clientPort and frontend instead.

[2013-03-31 23:30:58.820] [INFO] console - [32m[2013-03-31 23:30:58.819] [INFO] /node_modules/pomelo/lib/application.js - [39mapplication inited: "connector-server-1"

[2013-03-31 23:30:59.007] [INFO] console - 

[2013-03-31 23:30:59.009] [INFO] console - Error: Could not load the bindings file. Tried:
 → /Users/admin/Projects/CrazyParty/crazyPartyPomelo/game-server/node_modules/pomelo/node_modules/toobusy/build/toobusy.node
 → /Users/admin/Projects/CrazyParty/crazyPartyPomelo/game-server/node_modules/pomelo/node_modules/toobusy/build/Debug/toobusy.node
 → /Users/admin/Projects/CrazyParty/crazyPartyPomelo/game-server/node_modules/pomelo/node_modules/toobusy/build/Release/toobusy.node
 → /Users/admin/Projects/CrazyParty/crazyPartyPomelo/game-server/node_modules/pomelo/node_modules/toobusy/out/Debug/toobusy.node
 → /Users/admin/Projects/CrazyParty/crazyPartyPomelo/game-server/node_modules/pomelo/node_modules/toobusy/Debug/toobusy.node
 → /Users/admin/Projects/CrazyParty/crazyPartyPomelo/game-server/node_modules/pomelo/node_modules/toobusy/out/Release/toobusy.node
 → /Users/admin/Projects/CrazyParty/crazyPartyPomelo/game-server/node_modules/pomelo/node_modules/toobusy/Release/toobusy.node
 → /Users/admin/Projects/CrazyParty/crazyPartyPomelo/game-server/node_modules/pomelo/node_modules/toobusy/build/default/toobusy.node
 → /Users/admin/Projects/CrazyParty/crazyPartyPomelo/game-server/node_modules/pomelo/node_modules/toobusy/compiled/0.10.0/darwin/x64/toobusy.node
    at bindings (/Users/admin/Projects/CrazyParty/crazyPartyPomelo/game-server/node_modules/pomelo/node_modules/toobusy/node_modules/bindings/bindings.js:84:13)
    at Object.<anonymous> (/Users/admin/Projects/CrazyParty/crazyPartyPomelo/game-server/node_modules/pomelo/node_modules/toobusy/index.js:1:97)
    at Module._compile (module.js:456:26)
    at Object.Module._extensions..js (module.js:474:10)
    at Module.load (module.js:356:32)
    at Function.Module._load (module.js:312:12)
    at Module.require (module.js:364:17)
    at require (module.js:380:17)
    at Object.<anonymous> (/Users/admin/Projects/CrazyParty/crazyPartyPomelo/game-server/node_modules/pomelo/node_modules/pomelo-rpc/lib/rpc-server/acceptors/tcp-acceptor.js:6:15)
    at Module._compile (module.js:456:26)

[2013-03-31 23:30:59.013] [ERROR] console - FAILED TO RUN, return code: 8
[2013-03-31 23:30:59.016] [ERROR] console -  Caught exception: TypeError: undefined is not a function
    at /Users/admin/Projects/CrazyParty/crazyPartyPomelo/game-server/node_modules/pomelo/lib/master/starter.js:136:7
    at ChildProcess.<anonymous> (/Users/admin/Projects/CrazyParty/crazyPartyPomelo/game-server/node_modules/pomelo/lib/master/starter.js:191:7)
    at ChildProcess.EventEmitter.emit (events.js:98:17)
    at Process.ChildProcess._handle.onexit (child_process.js:754:12)
[2013-03-31 23:32:21.039] [INFO] /node_modules/pomelo/lib/application.js - application inited: "master-server-1"
[2013-03-31 23:32:21.212] [INFO] console - info: 'socket.io started'
[2013-03-31 23:32:21.214] [INFO] /node_modules/pomelo/lib/master/starter.js - Executing cd /Users/admin/Projects/CrazyParty/crazyPartyPomelo/game-server && node  /Users/admin/Projects/CrazyParty/crazyPartyPomelo/game-server/app.js env=development  id=connector-server-1  host=127.0.0.1  port=3150  wsPort=3456  serverType=connector  locally
[2013-03-31 23:32:21.222] [INFO] /node_modules/pomelo/node_modules/pomelo-admin/lib/consoleService.js - try to connect master: "master", "127.0.0.1", 3005
[2013-03-31 23:32:21.299] [INFO] /node_modules/pomelo/lib/application.js - "master-server-1" enter after start...
[2013-03-31 23:32:21.299] [INFO] /node_modules/pomelo/lib/application.js - "master-server-1" finish start
[2013-03-31 23:32:21.335] [INFO] console - [33m[2013-03-31 23:32:21.332] [WARN] /node_modules/pomelo/lib/util/appUtil.js - [39mwsPort is deprecated, use clientPort and frontend instead.

[2013-03-31 23:32:21.349] [INFO] console - [32m[2013-03-31 23:32:21.348] [INFO] /node_modules/pomelo/lib/application.js - [39mapplication inited: "connector-server-1"

[2013-03-31 23:32:21.541] [INFO] console - 

[2013-03-31 23:32:21.542] [INFO] console - Error: Could not load the bindings file. Tried:
 → /Users/admin/Projects/CrazyParty/crazyPartyPomelo/game-server/node_modules/pomelo/node_modules/toobusy/build/toobusy.node
 → /Users/admin/Projects/CrazyParty/crazyPartyPomelo/game-server/node_modules/pomelo/node_modules/toobusy/build/Debug/toobusy.node
 → /Users/admin/Projects/CrazyParty/crazyPartyPomelo/game-server/node_modules/pomelo/node_modules/toobusy/build/Release/toobusy.node
 → /Users/admin/Projects/CrazyParty/crazyPartyPomelo/game-server/node_modules/pomelo/node_modules/toobusy/out/Debug/toobusy.node
 → /Users/admin/Projects/CrazyParty/crazyPartyPomelo/game-server/node_modules/pomelo/node_modules/toobusy/Debug/toobusy.node
 → /Users/admin/Projects/CrazyParty/crazyPartyPomelo/game-server/node_modules/pomelo/node_modules/toobusy/out/Release/toobusy.node
 → /Users/admin/Projects/CrazyParty/crazyPartyPomelo/game-server/node_modules/pomelo/node_modules/toobusy/Release/toobusy.node
 → /Users/admin/Projects/CrazyParty/crazyPartyPomelo/game-server/node_modules/pomelo/node_modules/toobusy/build/default/toobusy.node
 → /Users/admin/Projects/CrazyParty/crazyPartyPomelo/game-server/node_modules/pomelo/node_modules/toobusy/compiled/0.10.0/darwin/x64/toobusy.node
    at bindings (/Users/admin/Projects/CrazyParty/crazyPartyPomelo/game-server/node_modules/pomelo/node_modules/toobusy/node_modules/bindings/bindings.js:84:13)
    at Object.<anonymous> (/Users/admin/Projects/CrazyParty/crazyPartyPomelo/game-server/node_modules/pomelo/node_modules/toobusy/index.js:1:97)
    at Module._compile (module.js:456:26)
    at Object.Module._extensions..js (module.js:474:10)
    at Module.load (module.js:356:32)
    at Function.Module._load (module.js:312:12)
    at Module.require (module.js:364:17)
    at require (module.js:380:17)
    at Object.<anonymous> (/Users/admin/Projects/CrazyParty/crazyPartyPomelo/game-server/node_modules/pomelo/node_modules/pomelo-rpc/lib/rpc-server/acceptors/tcp-acceptor.js:6:15)
    at Module._compile (module.js:456:26)

[2013-03-31 23:32:21.546] [ERROR] console - FAILED TO RUN, return code: 8
[2013-03-31 23:32:21.550] [ERROR] console -  Caught exception: TypeError: undefined is not a function
    at /Users/admin/Projects/CrazyParty/crazyPartyPomelo/game-server/node_modules/pomelo/lib/master/starter.js:136:7
    at ChildProcess.<anonymous> (/Users/admin/Projects/CrazyParty/crazyPartyPomelo/game-server/node_modules/pomelo/lib/master/starter.js:191:7)
    at ChildProcess.EventEmitter.emit (events.js:98:17)
    at Process.ChildProcess._handle.onexit (child_process.js:754:12)
[2013-03-31 23:34:06.567] [INFO] /node_modules/pomelo/lib/application.js - application inited: "master-server-1"
[2013-03-31 23:34:06.736] [INFO] console - info: 'socket.io started'
[2013-03-31 23:34:06.739] [INFO] /node_modules/pomelo/lib/master/starter.js - Executing cd /Users/admin/Projects/CrazyParty/crazyPartyPomelo/game-server && node  /Users/admin/Projects/CrazyParty/crazyPartyPomelo/game-server/app.js env=development  id=connector-server-1  host=127.0.0.1  port=3150  wsPort=3456  serverType=connector  locally
[2013-03-31 23:34:06.745] [INFO] /node_modules/pomelo/node_modules/pomelo-admin/lib/consoleService.js - try to connect master: "master", "127.0.0.1", 3005
[2013-03-31 23:34:06.821] [INFO] /node_modules/pomelo/lib/application.js - "master-server-1" enter after start...
[2013-03-31 23:34:06.821] [INFO] /node_modules/pomelo/lib/application.js - "master-server-1" finish start
[2013-03-31 23:34:06.852] [INFO] console - [33m[2013-03-31 23:34:06.848] [WARN] /node_modules/pomelo/lib/util/appUtil.js - [39mwsPort is deprecated, use clientPort and frontend instead.

[2013-03-31 23:34:06.866] [INFO] console - [32m[2013-03-31 23:34:06.865] [INFO] /node_modules/pomelo/lib/application.js - [39mapplication inited: "connector-server-1"

[2013-03-31 23:34:07.055] [INFO] console - 

[2013-03-31 23:34:07.056] [INFO] console - Error: Could not load the bindings file. Tried:
 → /Users/admin/Projects/CrazyParty/crazyPartyPomelo/game-server/node_modules/pomelo/node_modules/toobusy/build/toobusy.node
 → /Users/admin/Projects/CrazyParty/crazyPartyPomelo/game-server/node_modules/pomelo/node_modules/toobusy/build/Debug/toobusy.node
 → /Users/admin/Projects/CrazyParty/crazyPartyPomelo/game-server/node_modules/pomelo/node_modules/toobusy/build/Release/toobusy.node
 → /Users/admin/Projects/CrazyParty/crazyPartyPomelo/game-server/node_modules/pomelo/node_modules/toobusy/out/Debug/toobusy.node
 → /Users/admin/Projects/CrazyParty/crazyPartyPomelo/game-server/node_modules/pomelo/node_modules/toobusy/Debug/toobusy.node
 → /Users/admin/Projects/CrazyParty/crazyPartyPomelo/game-server/node_modules/pomelo/node_modules/toobusy/out/Release/toobusy.node
 → /Users/admin/Projects/CrazyParty/crazyPartyPomelo/game-server/node_modules/pomelo/node_modules/toobusy/Release/toobusy.node
 → /Users/admin/Projects/CrazyParty/crazyPartyPomelo/game-server/node_modules/pomelo/node_modules/toobusy/build/default/toobusy.node
 → /Users/admin/Projects/CrazyParty/crazyPartyPomelo/game-server/node_modules/pomelo/node_modules/toobusy/compiled/0.10.0/darwin/x64/toobusy.node
    at bindings (/Users/admin/Projects/CrazyParty/crazyPartyPomelo/game-server/node_modules/pomelo/node_modules/toobusy/node_modules/bindings/bindings.js:84:13)
    at Object.<anonymous> (/Users/admin/Projects/CrazyParty/crazyPartyPomelo/game-server/node_modules/pomelo/node_modules/toobusy/index.js:1:97)
    at Module._compile (module.js:456:26)
    at Object.Module._extensions..js (module.js:474:10)
    at Module.load (module.js:356:32)
    at Function.Module._load (module.js:312:12)
    at Module.require (module.js:364:17)
    at require (module.js:380:17)
    at Object.<anonymous> (/Users/admin/Projects/CrazyParty/crazyPartyPomelo/game-server/node_modules/pomelo/node_modules/pomelo-rpc/lib/rpc-server/acceptors/tcp-acceptor.js:6:15)
    at Module._compile (module.js:456:26)

[2013-03-31 23:34:07.060] [ERROR] console - FAILED TO RUN, return code: 8
[2013-03-31 23:34:07.063] [ERROR] console -  Caught exception: TypeError: undefined is not a function
    at /Users/admin/Projects/CrazyParty/crazyPartyPomelo/game-server/node_modules/pomelo/lib/master/starter.js:136:7
    at ChildProcess.<anonymous> (/Users/admin/Projects/CrazyParty/crazyPartyPomelo/game-server/node_modules/pomelo/lib/master/starter.js:191:7)
    at ChildProcess.EventEmitter.emit (events.js:98:17)
    at Process.ChildProcess._handle.onexit (child_process.js:754:12)
[2013-03-31 23:36:59.902] [INFO] /node_modules/pomelo/lib/application.js - application inited: "master-server-1"
[2013-03-31 23:37:00.168] [INFO] console - info: 'socket.io started'
[2013-03-31 23:37:00.172] [INFO] /node_modules/pomelo/lib/master/starter.js - Executing cd /Users/admin/Projects/CrazyParty/crazyPartyPomelo/game-server && node  /Users/admin/Projects/CrazyParty/crazyPartyPomelo/game-server/app.js env=development  id=connector-server-1  host=127.0.0.1  port=3150  wsPort=3456  serverType=connector  locally
[2013-03-31 23:37:00.182] [INFO] /node_modules/pomelo/node_modules/pomelo-admin/lib/consoleService.js - try to connect master: "master", "127.0.0.1", 3005
[2013-03-31 23:37:00.305] [INFO] /node_modules/pomelo/lib/application.js - "master-server-1" enter after start...
[2013-03-31 23:37:00.306] [INFO] /node_modules/pomelo/lib/application.js - "master-server-1" finish start
[2013-03-31 23:37:00.344] [INFO] console - [33m[2013-03-31 23:37:00.337] [WARN] /node_modules/pomelo/lib/util/appUtil.js - [39mwsPort is deprecated, use clientPort and frontend instead.

[2013-03-31 23:37:00.363] [INFO] console - [32m[2013-03-31 23:37:00.360] [INFO] /node_modules/pomelo/lib/application.js - [39mapplication inited: "connector-server-1"

[2013-03-31 23:37:00.789] [INFO] console - [32m[2013-03-31 23:37:00.788] [INFO] console - [39minfo: 'socket.io started'

[2013-03-31 23:37:00.807] [INFO] console - [32m[2013-03-31 23:37:00.806] [INFO] /node_modules/pomelo/node_modules/pomelo-admin/lib/consoleService.js - [39mtry to connect master: "connector", "127.0.0.1", 3005

[2013-03-31 23:37:00.866] [INFO] console - [32m[2013-03-31 23:37:00.866] [INFO] /node_modules/pomelo/lib/application.js - [39m"connector-server-1" enter after start...

[2013-03-31 23:37:00.868] [INFO] console - [32m[2013-03-31 23:37:00.867] [INFO] /node_modules/pomelo/lib/application.js - [39m"connector-server-1" finish start

